<?xml version="1.0" encoding="UTF-8"?>
<testng-results ignored="0" total="1" passed="1" failed="0" skipped="0">
  <reporter-output>
  </reporter-output>
  <suite started-at="2018-10-07T11:10:30Z" name="Default suite" finished-at="2018-10-07T11:10:43Z" duration-ms="13047">
    <groups>
    </groups>
    <test started-at="2018-10-07T11:10:30Z" name="Default test" finished-at="2018-10-07T11:10:43Z" duration-ms="13047">
      <class name="Selenium.Class1">
        <test-method signature="testSearch()[pri:0, instance:Selenium.Class1@15ca7889]" started-at="2018-10-07T11:10:30Z" name="testSearch" finished-at="2018-10-07T11:10:43Z" duration-ms="13023" status="PASS">
          <reporter-output>
          </reporter-output>
        </test-method> <!-- testSearch -->
      </class> <!-- Selenium.Class1 -->
    </test> <!-- Default test -->
  </suite> <!-- Default suite -->
</testng-results>
